error: pathspec 'mozilla-release/browser/components/nsBrowserGlue.js' did not match any file(s) known to git.
error: pathspec 'mozilla-release/mobile/android/app/src/main/res/drawable-hdpi/ic_readermode.png' did not match any file(s) known to git.
error: pathspec 'mozilla-release/mobile/android/app/src/main/res/drawable-xhdpi/ic_readermode.png' did not match any file(s) known to git.
error: pathspec 'mozilla-release/mobile/android/app/src/main/res/drawable-xxhdpi/ic_readermode.png' did not match any file(s) known to git.
error: pathspec 'mozilla-release/mobile/android/app/src/main/res/drawable/arrow_down.xml' did not match any file(s) known to git.
error: pathspec 'mozilla-release/mobile/android/app/src/main/res/drawable/ic_offrz.xml' did not match any file(s) known to git.
error: pathspec 'mozilla-release/mobile/android/app/src/main/res/drawable/ic_offrz_badge.xml' did not match any file(s) known to git.
error: pathspec 'mozilla-release/mobile/android/app/src/main/res/drawable/rounded_text.xml' did not match any file(s) known to git.
error: pathspec 'mozilla-release/mobile/android/app/src/main/res/values-sw400dp/dimens.xml' did not match any file(s) known to git.
error: pathspec 'mozilla-release/mobile/android/base/java/org/mozilla/gecko/DataReportingNotification.java' did not match any file(s) known to git.
error: pathspec 'mozilla-release/mobile/android/base/java/org/mozilla/gecko/preferences/Countries.java' did not match any file(s) known to git.
error: pathspec 'mozilla-release/mobile/android/branding/cliqz-alpha/res/drawable-hdpi/icon.png' did not match any file(s) known to git.
error: pathspec 'mozilla-release/mobile/android/branding/cliqz-alpha/res/drawable-xhdpi/icon.png' did not match any file(s) known to git.
error: pathspec 'mozilla-release/mobile/android/branding/cliqz-alpha/res/drawable-xxhdpi/icon.png' did not match any file(s) known to git.
error: pathspec 'mozilla-release/mobile/android/branding/cliqz-alpha/res/drawable-xxxhdpi/icon.png' did not match any file(s) known to git.
error: pathspec 'mozilla-release/mobile/android/branding/cliqz-alpha/res/drawable/ic_status_logo.xml' did not match any file(s) known to git.
error: pathspec 'mozilla-release/mobile/android/branding/cliqz/res/drawable-hdpi/icon.png' did not match any file(s) known to git.
error: pathspec 'mozilla-release/mobile/android/branding/cliqz/res/drawable-xhdpi/icon.png' did not match any file(s) known to git.
error: pathspec 'mozilla-release/mobile/android/branding/cliqz/res/drawable-xxhdpi/icon.png' did not match any file(s) known to git.
error: pathspec 'mozilla-release/mobile/android/branding/cliqz/res/drawable-xxxhdpi/icon.png' did not match any file(s) known to git.
error: pathspec 'mozilla-release/mobile/android/branding/cliqz/res/drawable/ic_status_logo.xml' did not match any file(s) known to git.
error: pathspec 'mozilla-release/mobile/android/branding/ghostery-alpha/res/drawable-hdpi/icon.png' did not match any file(s) known to git.
error: pathspec 'mozilla-release/mobile/android/branding/ghostery-alpha/res/drawable-xhdpi/icon.png' did not match any file(s) known to git.
error: pathspec 'mozilla-release/mobile/android/branding/ghostery-alpha/res/drawable-xxhdpi/icon.png' did not match any file(s) known to git.
error: pathspec 'mozilla-release/mobile/android/branding/ghostery-alpha/res/drawable-xxxhdpi/icon.png' did not match any file(s) known to git.
error: pathspec 'mozilla-release/mobile/android/branding/ghostery-alpha/res/drawable/ic_status_logo.xml' did not match any file(s) known to git.
error: pathspec 'mozilla-release/mobile/android/branding/ghostery/res/drawable-hdpi/icon.png' did not match any file(s) known to git.
error: pathspec 'mozilla-release/mobile/android/branding/ghostery/res/drawable-xhdpi/icon.png' did not match any file(s) known to git.
error: pathspec 'mozilla-release/mobile/android/branding/ghostery/res/drawable-xxhdpi/icon.png' did not match any file(s) known to git.
error: pathspec 'mozilla-release/mobile/android/branding/ghostery/res/drawable-xxxhdpi/icon.png' did not match any file(s) known to git.
error: pathspec 'mozilla-release/mobile/android/branding/ghostery/res/drawable/ic_status_logo.xml' did not match any file(s) known to git.
